ヒーローID:13361 販売価格:118ヒーローID:37712 販売価格:48
'購入成功 ID:37712, 48000000000000000000 Jewel
ヒーローID:34995 販売価格:45
'購入成功 ID:34995, 45000000000000000000 Jewel
ヒーローID:27086 販売価格:118.5
'購入成功 ID:27086, 118500000000000000000 Jewel
ヒーローID:32402 販売価格:150
'購入成功 ID:32402, 150000000000000000000 Jewel
ヒーローID:37925 販売価格:7999
ヒーローID:37736 販売価格:175
'購入成功 ID:37736, 175000000000000000000 Jewel
ヒーローID:31928 販売価格:55
'購入成功 ID:31928, 55000000000000000000 Jewel
ヒーローID:34565 販売価格:95
ヒーローID:767 販売価格:8000
'購入成功 ID:34565, 95000000000000000000 Jewel
ヒーローID:24475 販売価格:59
'購入成功 ID:24475, 59000000000000000000 Jewel
ヒーローID:30262 販売価格:249
'購入成功 ID:30262, 249000000000000000000 Jewel
ヒーローID:35806 販売価格:66.69
'購入成功 ID:35806, 66690000000000000000 Jewel
ヒーローID:23261 販売価格:43
'購入成功 ID:23261, 43000000000000000000 Jewel
ヒーローID:15219 販売価格:1200
ヒーローID:14068 販売価格:70
'購入成功 ID:14068, 70000000000000000000 Jewel
ヒーローID:37935 販売価格:60
ヒーローID:9959 販売価格:170
'購入成功 ID:9959, 170000000000000000000 Jewel
'購入成功 ID:37935, 60000000000000000000 Jewel
ヒーローID:21885 販売価格:74
'購入成功 ID:21885, 74000000000000000000 Jewel
ヒーローID:34565 販売価格:90
ヒーローID:18579 販売価格:99
ヒーローID:12717 販売価格:70
'購入成功 ID:18579, 99000000000000000000 Jewel
'購入成功 ID:12717, 70000000000000000000 Jewel
'購入成功 ID:34565, 90000000000000000000 Jewel
ヒーローID:34690 販売価格:40
ヒーローID:14161 販売価格:90
'購入成功 ID:14161, 90000000000000000000 Jewel
'購入成功 ID:34690, 40000000000000000000 Jewel
ヒーローID:1323 販売価格:9000
ヒーローID:13864 販売価格:70
ヒーローID:12514 販売価格:105
'購入成功 ID:13864, 70000000000000000000 Jewel
'購入成功 ID:12514, 105000000000000000000 Jewel
ヒーローID:35000 販売価格:73
'購入成功 ID:35000, 73000000000000000000 Jewel
購入失敗 ID:40281 gen:2 rarity:0 mainClass:Archer
購入失敗 ID:13066 gen:2 rarity:0 mainClass:Monk
購入失敗 ID:40281 gen:2 rarity:0 mainClass:Archer
購入失敗 ID:35836 gen:2 rarity:0 mainClass:Wizard
購入失敗 ID:35836 gen:2 rarity:0 mainClass:Wizard
購入成功 ID:30306 gen:1 rarity:1 mainClass:Priest
購入成功 ID:36625 gen:1 rarity:0 mainClass:Priest
購入成功 ID:36625 gen:1 rarity:0 mainClass:Priest
購入失敗 ID:21574 gen:4 rarity:1 mainClass:Knight
購入成功 ID:30120 gen:1 rarity:0 mainClass:Archer
購入成功 ID:30120 gen:1 rarity:0 mainClass:Archer
購入失敗 ID:21574 gen:4 rarity:1 mainClass:Knight
購入成功 ID:40288 gen:2 rarity:0 mainClass:Monk
購入成功 ID:39768 gen:1 rarity:1 mainClass:Warrior
購入成功 ID:40288 gen:2 rarity:0 mainClass:Monk
購入成功 ID:39768 gen:1 rarity:1 mainClass:Warrior
購入成功 ID:30368 gen:3 rarity:1 mainClass:Thief
購入成功 ID:40206 gen:5 rarity:1 mainClass:Ninja
購入成功 ID:40206 gen:5 rarity:1 mainClass:Ninja
購入失敗 ID:19190 gen:4 rarity:4 mainClass:Monk
購入成功 ID:11630 gen:2 rarity:1 mainClass:Priest
購入成功 ID:38166 gen:2 rarity:1 mainClass:Knight
購入成功 ID:18126 gen:2 rarity:2 mainClass:Priest
購入成功 ID:18126 gen:2 rarity:2 mainClass:Priest
購入成功 Price:53 ID:37472 gen:5 rarity:0 mainClass:DarkKnight
購入成功 Price:85 ID:40256 gen:8 rarity:1 mainClass:Paladin
購入成功 Price:140 ID:13943 gen:2 rarity:1 mainClass:Knight
購入成功 Price:199 ID:5637 gen:1 rarity:2 mainClass:Knight
購入成功 Price:90 ID:11642 gen:3 rarity:1 mainClass:Warrior
購入成功 Price:35 ID:16922 gen:2 rarity:1 mainClass:Pirate
購入成功 Price:35 ID:16922 gen:2 rarity:1 mainClass:Pirate
購入成功 Price:90 ID:11642 gen:3 rarity:1 mainClass:Warrior
購入成功 Price:90 ID:19778 gen:3 rarity:1 mainClass:Knight
購入成功 Price:90 ID:19778 gen:3 rarity:1 mainClass:Knight
購入失敗 Price:250 ID:4696 gen:1 rarity:2 mainClass:Warrior
購入成功 Price:65 ID:25502 gen:4 rarity:0 mainClass:Warrior
購入成功 Price:65 ID:25502 gen:4 rarity:0 mainClass:Warrior
購入失敗 Price:300 ID:29691 gen:2 rarity:0 mainClass:DarkKnight
購入失敗 Price:300 ID:29691 gen:2 rarity:0 mainClass:DarkKnight
購入成功 Price:110 ID:4965 gen:1 rarity:1 mainClass:Pirate
購入成功 Price:110 ID:4965 gen:1 rarity:1 mainClass:Pirate
購入失敗 Price:749 ID:32518 gen:1 rarity:1 mainClass:Thief
購入失敗 Price:749 ID:32518 gen:1 rarity:1 mainClass:Thief
購入成功 Price:89 ID:39244 gen:2 rarity:0 mainClass:Priest
購入成功 Price:89 ID:39244 gen:2 rarity:0 mainClass:Priest
購入成功 Price:85 ID:2218 gen:1 rarity:0 mainClass:Archer
購入成功 Price:85 ID:2218 gen:1 rarity:0 mainClass:Archer
